<?xml version="1.0" encoding="UTF-8"?>
<!-- Generated by org.testng.reporters.JUnitXMLReporter -->
<testsuite ignored="0" hostname="LAPTOP-I9ERELAN" failures="1" tests="2" name="Test" time="139.987" errors="0" timestamp="2022-08-15T13:01:28 EET">
  <testcase classname="tests.FlowardTest" name="AddToCartTest" time="60.464"/>
  <testcase classname="tests.FlowardTest" name="AddToCartTestFail" time="60.434">
    <failure type="java.lang.AssertionError" message="item didn&amp;apos;t add to cart expected [This is wrong text] but found [Blossom Farm Activity Playgym]">
      <![CDATA[java.lang.AssertionError: item didn't add to cart expected [This is wrong text] but found [Blossom Farm Activity Playgym]
at tests.FlowardTest.AddToCartTestFail(FlowardTest.java:81)
at java.base/java.util.ArrayList.forEach(ArrayList.java:1511)
... Removed 30 stack frames]]>
    </failure>
  </testcase> <!-- AddToCartTestFail -->
</testsuite> <!-- Test -->
